[0m05:22:00.372624 [debug] [MainThread]: Sending event: {'category': 'dbt', 'action': 'invocation', 'label': 'start', 'context': [<snowplow_tracker.self_describing_json.SelfDescribingJson object at 0x7f882554ddc0>, <snowplow_tracker.self_describing_json.SelfDescribingJson object at 0x7f882449be80>, <snowplow_tracker.self_describing_json.SelfDescribingJson object at 0x7f882449be20>]}


============================== 05:22:00.378358 | 790017fe-234e-423d-96f1-5753d440a69e ==============================
[0m05:22:00.378358 [info ] [MainThread]: Running with dbt=1.11.0-b3
[0m05:22:00.379193 [debug] [MainThread]: running dbt with arguments {'log_cache_events': 'False', 'static_parser': 'True', 'empty': 'None', 'use_colors': 'True', 'log_format': 'default', 'debug': 'False', 'partial_parse': 'True', 'write_json': 'True', 'target_path': 'None', 'cache_selected_only': 'False', 'warn_error_options': 'WarnErrorOptionsV2(error=[], warn=[], silence=[])', 'no_print': 'None', 'log_path': 'logs', 'version_check': 'True', 'introspect': 'True', 'fail_fast': 'False', 'quiet': 'False', 'warn_error': 'None', 'profiles_dir': '/home/ec2-user/.dbt', 'printer_width': '80', 'indirect_selection': 'eager', 'send_anonymous_usage_stats': 'True', 'invocation_command': 'dbt init diq_transform', 'use_experimental_parser': 'False'}
[0m05:22:00.388962 [info ] [MainThread]: Creating dbt configuration folder at /home/ec2-user/.dbt
[0m05:22:00.390636 [debug] [MainThread]: Starter project path: /home/ec2-user/.local/lib/python3.9/site-packages/dbt/include/starter_project
[0m05:22:00.394237 [info ] [MainThread]: 
Your new dbt project "diq_transform" was created!

For more information on how to configure the profiles.yml file,
please consult the dbt documentation here:

  https://docs.getdbt.com/docs/configure-your-profile

One more thing:

Need help? Don't hesitate to reach out to us via GitHub issues or on Slack:

  https://community.getdbt.com/

Happy modeling!

[0m05:22:00.394831 [info ] [MainThread]: Setting up your profile.
[0m05:30:36.131274 [info ] [MainThread]: Profile diq_transform written to /home/ec2-user/.dbt/profiles.yml using target's profile_template.yml and your supplied values. Run 'dbt debug' to validate the connection.
[0m05:30:36.133914 [debug] [MainThread]: Resource report: {"command_name": "init", "command_success": true, "command_wall_clock_time": 515.8383, "process_in_blocks": "208", "process_kernel_time": 0.168397, "process_mem_max_rss": "169736", "process_out_blocks": "80", "process_user_time": 2.366047}
[0m05:30:36.134659 [debug] [MainThread]: Command `dbt init` succeeded at 05:30:36.134491 after 515.84 seconds
[0m05:30:36.135193 [debug] [MainThread]: Sending event: {'category': 'dbt', 'action': 'invocation', 'label': 'end', 'context': [<snowplow_tracker.self_describing_json.SelfDescribingJson object at 0x7f882554ddc0>, <snowplow_tracker.self_describing_json.SelfDescribingJson object at 0x7f8824412970>, <snowplow_tracker.self_describing_json.SelfDescribingJson object at 0x7f8824475c10>]}
[0m05:30:36.135727 [debug] [MainThread]: Flushing usage events
[0m05:30:36.936624 [debug] [MainThread]: An error was encountered while trying to flush usage events
[0m05:44:54.192882 [debug] [MainThread]: Sending event: {'category': 'dbt', 'action': 'invocation', 'label': 'start', 'context': [<snowplow_tracker.self_describing_json.SelfDescribingJson object at 0x7f3ad6b3dd90>, <snowplow_tracker.self_describing_json.SelfDescribingJson object at 0x7f3ad5a8bdf0>, <snowplow_tracker.self_describing_json.SelfDescribingJson object at 0x7f3ad5a8bd60>]}


============================== 05:44:54.197407 | e142a917-d99f-4961-9507-05642fd2cbe0 ==============================
[0m05:44:54.197407 [info ] [MainThread]: Running with dbt=1.11.0-b3
[0m05:44:54.198286 [debug] [MainThread]: running dbt with arguments {'warn_error': 'None', 'invocation_command': 'dbt debug', 'log_cache_events': 'False', 'empty': 'None', 'log_format': 'default', 'profiles_dir': '/home/ec2-user/.dbt', 'version_check': 'True', 'cache_selected_only': 'False', 'send_anonymous_usage_stats': 'True', 'warn_error_options': 'WarnErrorOptionsV2(error=[], warn=[], silence=[])', 'fail_fast': 'False', 'partial_parse': 'True', 'use_experimental_parser': 'False', 'log_path': 'logs', 'write_json': 'True', 'indirect_selection': 'eager', 'static_parser': 'True', 'debug': 'False', 'no_print': 'None', 'printer_width': '80', 'quiet': 'False', 'use_colors': 'True', 'introspect': 'True', 'target_path': 'None'}
[0m05:44:54.209030 [info ] [MainThread]: dbt version: 1.11.0-b3
[0m05:44:54.209721 [info ] [MainThread]: python version: 3.9.25
[0m05:44:54.210185 [info ] [MainThread]: python path: /usr/bin/python3
[0m05:44:54.210610 [info ] [MainThread]: os info: Linux-6.1.161-183.298.amzn2023.x86_64-x86_64-with-glibc2.34
[0m05:44:54.982241 [info ] [MainThread]: Using profiles dir at /home/ec2-user/.dbt
[0m05:44:54.982987 [info ] [MainThread]: Using profiles.yml file at /home/ec2-user/.dbt/profiles.yml
[0m05:44:54.983474 [info ] [MainThread]: Using dbt_project.yml file at /home/ec2-user/diq-platform/diq-platform/dbt_project.yml
[0m05:44:54.984150 [info ] [MainThread]: adapter type: snowflake
[0m05:44:54.984666 [info ] [MainThread]: adapter version: 1.10.2
[0m05:44:54.985120 [info ] [MainThread]: Configuration:
[0m05:44:54.985544 [info ] [MainThread]:   profiles.yml file [[32mOK found and valid[0m]
[0m05:44:54.986035 [info ] [MainThread]:   dbt_project.yml file [[31mERROR not found[0m]
[0m05:44:54.986450 [info ] [MainThread]: Required dependencies:
[0m05:44:54.986889 [debug] [MainThread]: Executing "git --help"
[0m05:44:55.007750 [debug] [MainThread]: STDOUT: "b"usage: git [-v | --version] [-h | --help] [-C <path>] [-c <name>=<value>]\n           [--exec-path[=<path>]] [--html-path] [--man-path] [--info-path]\n           [-p | --paginate | -P | --no-pager] [--no-replace-objects] [--no-lazy-fetch]\n           [--no-optional-locks] [--no-advice] [--bare] [--git-dir=<path>]\n           [--work-tree=<path>] [--namespace=<name>] [--config-env=<name>=<envvar>]\n           <command> [<args>]\n\nThese are common Git commands used in various situations:\n\nstart a working area (see also: git help tutorial)\n   clone      Clone a repository into a new directory\n   init       Create an empty Git repository or reinitialize an existing one\n\nwork on the current change (see also: git help everyday)\n   add        Add file contents to the index\n   mv         Move or rename a file, a directory, or a symlink\n   restore    Restore working tree files\n   rm         Remove files from the working tree and from the index\n\nexamine the history and state (see also: git help revisions)\n   bisect     Use binary search to find the commit that introduced a bug\n   diff       Show changes between commits, commit and working tree, etc\n   grep       Print lines matching a pattern\n   log        Show commit logs\n   show       Show various types of objects\n   status     Show the working tree status\n\ngrow, mark and tweak your common history\n   backfill   Download missing objects in a partial clone\n   branch     List, create, or delete branches\n   commit     Record changes to the repository\n   merge      Join two or more development histories together\n   rebase     Reapply commits on top of another base tip\n   reset      Reset current HEAD to the specified state\n   switch     Switch branches\n   tag        Create, list, delete or verify a tag object signed with GPG\n\ncollaborate (see also: git help workflows)\n   fetch      Download objects and refs from another repository\n   pull       Fetch from and integrate with another repository or a local branch\n   push       Update remote refs along with associated objects\n\n'git help -a' and 'git help -g' list available subcommands and some\nconcept guides. See 'git help <command>' or 'git help <concept>'\nto read about a specific subcommand or concept.\nSee 'git help git' for an overview of the system.\n""
[0m05:44:55.009004 [debug] [MainThread]: STDERR: "b''"
[0m05:44:55.009781 [info ] [MainThread]:  - git [[32mOK found[0m]

[0m05:44:55.010412 [info ] [MainThread]: Connection:
[0m05:44:55.010958 [info ] [MainThread]:   account: UQPZXAN-AI20794
[0m05:44:55.011391 [info ] [MainThread]:   user: bhavani30
[0m05:44:55.011887 [info ] [MainThread]:   database: dataiq360_db
[0m05:44:55.012299 [info ] [MainThread]:   warehouse: diq_warehouse
[0m05:44:55.012826 [info ] [MainThread]:   role: diq_admin_role
[0m05:44:55.013345 [info ] [MainThread]:   schema: raw
[0m05:44:55.013777 [info ] [MainThread]:   authenticator: None
[0m05:44:55.014216 [info ] [MainThread]:   oauth_client_id: None
[0m05:44:55.014698 [info ] [MainThread]:   query_tag: None
[0m05:44:55.015110 [info ] [MainThread]:   client_session_keep_alive: False
[0m05:44:55.015522 [info ] [MainThread]:   host: None
[0m05:44:55.015997 [info ] [MainThread]:   port: None
[0m05:44:55.016413 [info ] [MainThread]:   proxy_host: None
[0m05:44:55.016839 [info ] [MainThread]:   proxy_port: None
[0m05:44:55.017305 [info ] [MainThread]:   protocol: None
[0m05:44:55.017713 [info ] [MainThread]:   connect_retries: 1
[0m05:44:55.018123 [info ] [MainThread]:   connect_timeout: None
[0m05:44:55.018586 [info ] [MainThread]:   retry_on_database_errors: False
[0m05:44:55.018992 [info ] [MainThread]:   retry_all: False
[0m05:44:55.019390 [info ] [MainThread]:   insecure_mode: False
[0m05:44:55.019850 [info ] [MainThread]:   reuse_connections: True
[0m05:44:55.020258 [info ] [MainThread]:   s3_stage_vpce_dns_name: None
[0m05:44:55.021162 [info ] [MainThread]: Registered adapter: snowflake=1.10.2
[0m05:44:55.173244 [debug] [MainThread]: Acquiring new snowflake connection 'debug'
[0m05:44:55.201770 [debug] [MainThread]: Using snowflake connection "debug"
[0m05:44:55.202336 [debug] [MainThread]: On debug: select 1 as id
[0m05:44:55.202715 [debug] [MainThread]: Opening a new connection, currently in state init
[0m05:44:56.254445 [debug] [MainThread]: SQL status: SUCCESS 1 in 1.052 seconds
[0m05:44:56.255755 [info ] [MainThread]:   Connection test: [[32mOK connection ok[0m]

[0m05:44:56.256381 [info ] [MainThread]: [31m1 check failed:[0m
[0m05:44:56.256983 [info ] [MainThread]: Project loading failed for the following reason:
 project path </home/ec2-user/diq-platform/diq-platform/dbt_project.yml> not found

[0m05:44:56.258199 [debug] [MainThread]: Resource report: {"command_name": "debug", "command_success": false, "command_wall_clock_time": 2.1404333, "process_in_blocks": "13264", "process_kernel_time": 0.318158, "process_mem_max_rss": "197944", "process_out_blocks": "2152", "process_user_time": 2.903236}
[0m05:44:56.258846 [debug] [MainThread]: Command `dbt debug` failed at 05:44:56.258697 after 2.14 seconds
[0m05:44:56.259269 [debug] [MainThread]: Connection 'debug' was left open.
[0m05:44:56.259710 [debug] [MainThread]: On debug: Close
[0m05:44:56.320115 [debug] [MainThread]: Sending event: {'category': 'dbt', 'action': 'invocation', 'label': 'end', 'context': [<snowplow_tracker.self_describing_json.SelfDescribingJson object at 0x7f3ad6b3dd90>, <snowplow_tracker.self_describing_json.SelfDescribingJson object at 0x7f3acb41bac0>, <snowplow_tracker.self_describing_json.SelfDescribingJson object at 0x7f3acaa99190>]}
[0m05:44:56.320972 [debug] [MainThread]: Flushing usage events
[0m05:44:57.121448 [debug] [MainThread]: An error was encountered while trying to flush usage events
